  DynamicPhysicsObject.cpp
C:\Users\milan\Documents\Buas\Buas-Assignment\Rect2D.h(25,12): warning C4244: 'initializing': conversion from 'int' to 'float', possible loss of data
C:\Users\milan\Documents\Buas\Buas-Assignment\Rect2D.h(26,12): warning C4244: 'initializing': conversion from 'int' to 'float', possible loss of data
C:\Users\milan\Documents\Buas\Buas-Assignment\DynamicPhysicsObject.cpp(18,51): warning C4244: 'argument': conversion from 'int' to 'float', possible loss of data
C:\Users\milan\Documents\Buas\Buas-Assignment\DynamicPhysicsObject.cpp(18,30): warning C4244: 'argument': conversion from 'int' to 'float', possible loss of data
C:\Users\milan\Documents\Buas\Buas-Assignment\DynamicPhysicsObject.cpp(27,51): warning C4244: 'argument': conversion from 'int' to 'float', possible loss of data
C:\Users\milan\Documents\Buas\Buas-Assignment\DynamicPhysicsObject.cpp(27,30): warning C4244: 'argument': conversion from 'int' to 'float', possible loss of data
  Map.cpp
C:\Users\milan\Documents\Buas\Buas-Assignment\Rect2D.h(25,12): warning C4244: 'initializing': conversion from 'int' to 'float', possible loss of data
C:\Users\milan\Documents\Buas\Buas-Assignment\Rect2D.h(26,12): warning C4244: 'initializing': conversion from 'int' to 'float', possible loss of data
C:\Users\milan\Documents\Buas\Buas-Assignment\Map.cpp(30,24): warning C4018: '<': signed/unsigned mismatch
  PhysicsManager.cpp
C:\Users\milan\Documents\Buas\Buas-Assignment\Rect2D.h(25,12): warning C4244: 'initializing': conversion from 'int' to 'float', possible loss of data
C:\Users\milan\Documents\Buas\Buas-Assignment\Rect2D.h(26,12): warning C4244: 'initializing': conversion from 'int' to 'float', possible loss of data
C:\Users\milan\Documents\Buas\Buas-Assignment\PhysicsManager.cpp(100,111): warning C4244: 'argument': conversion from 'float' to 'int', possible loss of data
C:\Users\milan\Documents\Buas\Buas-Assignment\PhysicsManager.cpp(100,74): warning C4244: 'argument': conversion from 'float' to 'int', possible loss of data
C:\Users\milan\Documents\Buas\Buas-Assignment\PhysicsManager.cpp(105,108): warning C4244: 'argument': conversion from 'float' to 'int', possible loss of data
C:\Users\milan\Documents\Buas\Buas-Assignment\PhysicsManager.cpp(105,72): warning C4244: 'argument': conversion from 'float' to 'int', possible loss of data
C:\Users\milan\Documents\Buas\Buas-Assignment\PhysicsManager.cpp(134,128): warning C4244: 'argument': conversion from 'float' to 'int', possible loss of data
C:\Users\milan\Documents\Buas\Buas-Assignment\PhysicsManager.cpp(134,91): warning C4244: 'argument': conversion from 'float' to 'int', possible loss of data
C:\Users\milan\Documents\Buas\Buas-Assignment\PhysicsManager.cpp(134,54): warning C4244: 'argument': conversion from 'float' to 'int', possible loss of data
C:\Users\milan\Documents\Buas\Buas-Assignment\PhysicsManager.cpp(134,31): warning C4244: 'argument': conversion from 'float' to 'int', possible loss of data
  StaticPhysicsObject.cpp
C:\Users\milan\Documents\Buas\Buas-Assignment\Rect2D.h(25,12): warning C4244: 'initializing': conversion from 'int' to 'float', possible loss of data
C:\Users\milan\Documents\Buas\Buas-Assignment\Rect2D.h(26,12): warning C4244: 'initializing': conversion from 'int' to 'float', possible loss of data
C:\Users\milan\Documents\Buas\Buas-Assignment\StaticPhysicsObject.cpp(11,50): warning C4244: 'argument': conversion from 'int' to 'float', possible loss of data
C:\Users\milan\Documents\Buas\Buas-Assignment\StaticPhysicsObject.cpp(11,34): warning C4244: 'argument': conversion from 'int' to 'float', possible loss of data
  game.cpp
C:\Users\milan\Documents\Buas\Buas-Assignment\Rect2D.h(25,12): warning C4244: 'initializing': conversion from 'int' to 'float', possible loss of data
C:\Users\milan\Documents\Buas\Buas-Assignment\Rect2D.h(26,12): warning C4244: 'initializing': conversion from 'int' to 'float', possible loss of data
C:\Users\milan\Documents\Buas\Buas-Assignment\game.cpp(58,66): warning C4244: 'argument': conversion from 'int' to 'float', possible loss of data
C:\Users\milan\Documents\Buas\Buas-Assignment\game.cpp(63,44): warning C4244: 'argument': conversion from 'float' to 'int', possible loss of data
C:\Users\milan\Documents\Buas\Buas-Assignment\game.cpp(67,19): warning C4244: 'argument': conversion from 'float' to 'int', possible loss of data
C:\Users\milan\Documents\Buas\Buas-Assignment\game.cpp(71,39): warning C4244: 'argument': conversion from 'double' to 'int', possible loss of data
C:\Users\milan\Documents\Buas\Buas-Assignment\game.cpp(107,33): warning C4244: '=': conversion from 'double' to 'float', possible loss of data
  surface.cpp
C:\Users\milan\Documents\Buas\Buas-Assignment\Rect2D.h(25,12): warning C4244: 'initializing': conversion from 'int' to 'float', possible loss of data
C:\Users\milan\Documents\Buas\Buas-Assignment\Rect2D.h(26,12): warning C4244: 'initializing': conversion from 'int' to 'float', possible loss of data
  Generating Code...
  tmpl_2019-08.vcxproj -> C:\Users\milan\Documents\Buas\Buas-Assignment\tmpl_2019-08_x86_debug.exe
