  DynamicPhysicsObject.cpp
D:\VSdev\Buas-Assignment\Rect2D.h(25,12): warning C4244: 'initializing': conversion from 'int' to 'float', possible loss of data
D:\VSdev\Buas-Assignment\Rect2D.h(26,12): warning C4244: 'initializing': conversion from 'int' to 'float', possible loss of data
D:\VSdev\Buas-Assignment\DynamicPhysicsObject.cpp(18,51): warning C4244: 'argument': conversion from 'int' to 'float', possible loss of data
D:\VSdev\Buas-Assignment\DynamicPhysicsObject.cpp(18,30): warning C4244: 'argument': conversion from 'int' to 'float', possible loss of data
D:\VSdev\Buas-Assignment\DynamicPhysicsObject.cpp(27,51): warning C4244: 'argument': conversion from 'int' to 'float', possible loss of data
D:\VSdev\Buas-Assignment\DynamicPhysicsObject.cpp(27,30): warning C4244: 'argument': conversion from 'int' to 'float', possible loss of data
  game.cpp
D:\VSdev\Buas-Assignment\Rect2D.h(25,12): warning C4244: 'initializing': conversion from 'int' to 'float', possible loss of data
D:\VSdev\Buas-Assignment\Rect2D.h(26,12): warning C4244: 'initializing': conversion from 'int' to 'float', possible loss of data
D:\VSdev\Buas-Assignment\game.cpp(58,61): warning C4244: 'argument': conversion from 'int' to 'float', possible loss of data
D:\VSdev\Buas-Assignment\game.cpp(84,44): warning C4244: 'argument': conversion from 'float' to 'int', possible loss of data
D:\VSdev\Buas-Assignment\game.cpp(88,19): warning C4244: 'argument': conversion from 'float' to 'int', possible loss of data
D:\VSdev\Buas-Assignment\game.cpp(92,39): warning C4244: 'argument': conversion from 'double' to 'int', possible loss of data
D:\VSdev\Buas-Assignment\game.cpp(136,33): warning C4244: '=': conversion from 'double' to 'float', possible loss of data
  Map.cpp
D:\VSdev\Buas-Assignment\Rect2D.h(25,12): warning C4244: 'initializing': conversion from 'int' to 'float', possible loss of data
D:\VSdev\Buas-Assignment\Rect2D.h(26,12): warning C4244: 'initializing': conversion from 'int' to 'float', possible loss of data
D:\VSdev\Buas-Assignment\Map.cpp(32,24): warning C4018: '<': signed/unsigned mismatch
  MapTrigger.cpp
D:\VSdev\Buas-Assignment\Rect2D.h(25,12): warning C4244: 'initializing': conversion from 'int' to 'float', possible loss of data
D:\VSdev\Buas-Assignment\Rect2D.h(26,12): warning C4244: 'initializing': conversion from 'int' to 'float', possible loss of data
D:\VSdev\Buas-Assignment\MapTrigger.cpp(9,51): warning C4244: 'argument': conversion from 'int' to 'float', possible loss of data
D:\VSdev\Buas-Assignment\MapTrigger.cpp(9,30): warning C4244: 'argument': conversion from 'int' to 'float', possible loss of data
D:\VSdev\Buas-Assignment\MapTrigger.cpp(16,51): warning C4244: 'argument': conversion from 'int' to 'float', possible loss of data
D:\VSdev\Buas-Assignment\MapTrigger.cpp(16,30): warning C4244: 'argument': conversion from 'int' to 'float', possible loss of data
  PhysicsManager.cpp
D:\VSdev\Buas-Assignment\Rect2D.h(25,12): warning C4244: 'initializing': conversion from 'int' to 'float', possible loss of data
D:\VSdev\Buas-Assignment\Rect2D.h(26,12): warning C4244: 'initializing': conversion from 'int' to 'float', possible loss of data
D:\VSdev\Buas-Assignment\PhysicsManager.cpp(100,111): warning C4244: 'argument': conversion from 'float' to 'int', possible loss of data
D:\VSdev\Buas-Assignment\PhysicsManager.cpp(100,74): warning C4244: 'argument': conversion from 'float' to 'int', possible loss of data
D:\VSdev\Buas-Assignment\PhysicsManager.cpp(105,108): warning C4244: 'argument': conversion from 'float' to 'int', possible loss of data
D:\VSdev\Buas-Assignment\PhysicsManager.cpp(105,72): warning C4244: 'argument': conversion from 'float' to 'int', possible loss of data
D:\VSdev\Buas-Assignment\PhysicsManager.cpp(134,128): warning C4244: 'argument': conversion from 'float' to 'int', possible loss of data
D:\VSdev\Buas-Assignment\PhysicsManager.cpp(134,91): warning C4244: 'argument': conversion from 'float' to 'int', possible loss of data
D:\VSdev\Buas-Assignment\PhysicsManager.cpp(134,54): warning C4244: 'argument': conversion from 'float' to 'int', possible loss of data
D:\VSdev\Buas-Assignment\PhysicsManager.cpp(134,31): warning C4244: 'argument': conversion from 'float' to 'int', possible loss of data
  Player.cpp
D:\VSdev\Buas-Assignment\Rect2D.h(25,12): warning C4244: 'initializing': conversion from 'int' to 'float', possible loss of data
D:\VSdev\Buas-Assignment\Rect2D.h(26,12): warning C4244: 'initializing': conversion from 'int' to 'float', possible loss of data
D:\VSdev\Buas-Assignment\Player.cpp(8,51): warning C4244: 'argument': conversion from 'int' to 'float', possible loss of data
D:\VSdev\Buas-Assignment\Player.cpp(8,30): warning C4244: 'argument': conversion from 'int' to 'float', possible loss of data
  StaticPhysicsObject.cpp
D:\VSdev\Buas-Assignment\Rect2D.h(25,12): warning C4244: 'initializing': conversion from 'int' to 'float', possible loss of data
D:\VSdev\Buas-Assignment\Rect2D.h(26,12): warning C4244: 'initializing': conversion from 'int' to 'float', possible loss of data
D:\VSdev\Buas-Assignment\StaticPhysicsObject.cpp(11,50): warning C4244: 'argument': conversion from 'int' to 'float', possible loss of data
D:\VSdev\Buas-Assignment\StaticPhysicsObject.cpp(11,34): warning C4244: 'argument': conversion from 'int' to 'float', possible loss of data
  surface.cpp
D:\VSdev\Buas-Assignment\Rect2D.h(25,12): warning C4244: 'initializing': conversion from 'int' to 'float', possible loss of data
D:\VSdev\Buas-Assignment\Rect2D.h(26,12): warning C4244: 'initializing': conversion from 'int' to 'float', possible loss of data
  template.cpp
  Generating Code...
  tmpl_2019-08.vcxproj -> D:\VSdev\Buas-Assignment\tmpl_2019-08_x86.exe
